<?xml version="1.0" encoding="UTF-8"?>
<!-- Generated by org.testng.reporters.JUnitXMLReporter -->
<testsuite ignored="12" hostname="DESKTOP-Q8VNHIO" failures="0" tests="3" name="GRP-sanity" time="0.114" errors="0" timestamp="2022-05-19T14:12:25 IST">
  <testcase classname="testNGExample.GroupingDemo" name="test6" time="0.008"/>
  <testcase classname="testNGExample.GroupingDemo2" name="test03" time="0.001"/>
  <testcase classname="testNGExample.AnnotationBeforeClassAndGroup" name="test3" time="0.004"/>
  <testcase classname="testNGExample.AnnotationBeforeClassAndGroup" name="test5" time="0.0">
    <ignored/>
  </testcase> <!-- test5 -->
  <testcase classname="testNGExample.GroupingDemo" name="test9" time="0.0">
    <ignored/>
  </testcase> <!-- test9 -->
  <testcase classname="testNGExample.GroupingDemo" name="test8" time="0.0">
    <ignored/>
  </testcase> <!-- test8 -->
  <testcase classname="testNGExample.GroupingDemo" name="test3" time="0.0">
    <ignored/>
  </testcase> <!-- test3 -->
  <testcase classname="testNGExample.GroupingDemo" name="test2" time="0.0">
    <ignored/>
  </testcase> <!-- test2 -->
  <testcase classname="testNGExample.GroupingDemo" name="test5" time="0.0">
    <ignored/>
  </testcase> <!-- test5 -->
  <testcase classname="testNGExample.GroupingDemo" name="test4" time="0.0">
    <ignored/>
  </testcase> <!-- test4 -->
  <testcase classname="testNGExample.GroupingDemo" name="test1" time="0.0">
    <ignored/>
  </testcase> <!-- test1 -->
  <testcase classname="testNGExample.GroupingDemo2" name="test02" time="0.0">
    <ignored/>
  </testcase> <!-- test02 -->
  <testcase classname="testNGExample.AnnotationBeforeClassAndGroup" name="test2" time="0.0">
    <ignored/>
  </testcase> <!-- test2 -->
  <testcase classname="testNGExample.GroupingDemo2" name="test01" time="0.0">
    <ignored/>
  </testcase> <!-- test01 -->
  <testcase classname="testNGExample.GroupingDemo" name="test7" time="0.0">
    <ignored/>
  </testcase> <!-- test7 -->
</testsuite> <!-- GRP-sanity -->
