<?xml version="1.0" encoding="UTF-8"?>
<!-- Generated by org.testng.reporters.JUnitXMLReporter -->
<testsuite ignored="1" hostname="DESKTOP-Q8VNHIO" failures="0" tests="5" name="GRP-regression" time="0.207" errors="0" timestamp="2022-05-18T21:44:23 IST">
  <testcase classname="testNGExample.GroupingDemo" name="test1" time="0.024"/>
  <testcase classname="testNGExample.GroupingDemo" name="test2" time="0.007"/>
  <testcase classname="testNGExample.GroupingDemo" name="test3" time="0.008"/>
  <testcase classname="testNGExample.GroupingDemo" name="test4" time="0.004"/>
  <testcase classname="testNGExample.GroupingDemo" name="test6" time="0.003"/>
  <testcase classname="testNGExample.GroupingDemo" name="test7" time="0.0">
    <ignored/>
  </testcase> <!-- test7 -->
</testsuite> <!-- GRP-regression -->
