<?xml version="1.0" encoding="UTF-8"?>
<!-- Generated by org.testng.reporters.JUnitXMLReporter -->
<testsuite ignored="0" hostname="DESKTOP-Q8VNHIO" failures="0" tests="9" name="GRP-userRegistration" time="0.252" errors="0" timestamp="2022-05-18T21:50:29 IST">
  <testcase classname="testNGExample.GroupingDemo" name="test1" time="0.028"/>
  <testcase classname="testNGExample.GroupingDemo" name="test2" time="0.003"/>
  <testcase classname="testNGExample.GroupingDemo" name="test3" time="0.006"/>
  <testcase classname="testNGExample.GroupingDemo" name="test4" time="0.003"/>
  <testcase classname="testNGExample.GroupingDemo" name="test5" time="0.003"/>
  <testcase classname="testNGExample.GroupingDemo" name="test6" time="0.006"/>
  <testcase classname="testNGExample.GroupingDemo" name="test7" time="0.003"/>
  <testcase classname="testNGExample.GroupingDemo" name="test8" time="0.004"/>
  <testcase classname="testNGExample.GroupingDemo" name="test9" time="0.008"/>
</testsuite> <!-- GRP-userRegistration -->
