<?xml version="1.0" encoding="UTF-8"?>
<!-- Generated by org.testng.reporters.JUnitXMLReporter -->
<testsuite ignored="3" hostname="DESKTOP-Q8VNHIO" failures="0" tests="3" name="GRP-functional" time="0.187" errors="0" timestamp="2022-05-18T21:45:16 IST">
  <testcase classname="testNGExample.GroupingDemo" name="test4" time="0.022"/>
  <testcase classname="testNGExample.GroupingDemo" name="test6" time="0.007"/>
  <testcase classname="testNGExample.GroupingDemo" name="test7" time="0.003"/>
  <testcase classname="testNGExample.GroupingDemo" name="test3" time="0.0">
    <ignored/>
  </testcase> <!-- test3 -->
  <testcase classname="testNGExample.GroupingDemo" name="test2" time="0.0">
    <ignored/>
  </testcase> <!-- test2 -->
  <testcase classname="testNGExample.GroupingDemo" name="test1" time="0.0">
    <ignored/>
  </testcase> <!-- test1 -->
</testsuite> <!-- GRP-functional -->
