<?xml version="1.0" encoding="UTF-8"?>
<testng-results ignored="0" total="1" passed="1" failed="0" skipped="0">
  <reporter-output>
  </reporter-output>
  <suite started-at="2022-09-01T22:13:06 IST" name="Default suite" finished-at="2022-09-01T22:13:15 IST" duration-ms="9285">
    <groups>
    </groups>
    <test started-at="2022-09-01T22:13:06 IST" name="Default test" finished-at="2022-09-01T22:13:15 IST" duration-ms="9285">
      <class name="testNGExample.AutomationTask">
        <test-method signature="test()[pri:0, instance:testNGExample.AutomationTask@1cbbffcd]" started-at="2022-09-01T22:13:06 IST" name="test" finished-at="2022-09-01T22:13:15 IST" duration-ms="9258" status="PASS">
          <reporter-output>
          </reporter-output>
        </test-method> <!-- test -->
      </class> <!-- testNGExample.AutomationTask -->
    </test> <!-- Default test -->
  </suite> <!-- Default suite -->
</testng-results>
