<?xml version="1.0" encoding="UTF-8"?>
<!-- Generated by org.testng.reporters.JUnitXMLReporter -->
<testsuite ignored="0" hostname="DESKTOP-Q8VNHIO" failures="0" tests="12" name="Test" time="0.48" errors="0" timestamp="2022-05-19T08:27:27 IST">
  <testcase classname="testNGExample.GroupingDemo" name="test1" time="0.034"/>
  <testcase classname="testNGExample.GroupingDemo" name="test2" time="0.011"/>
  <testcase classname="testNGExample.GroupingDemo" name="test3" time="0.009"/>
  <testcase classname="testNGExample.GroupingDemo" name="test4" time="0.032"/>
  <testcase classname="testNGExample.GroupingDemo" name="test5" time="0.008"/>
  <testcase classname="testNGExample.GroupingDemo" name="test6" time="0.003"/>
  <testcase classname="testNGExample.GroupingDemo" name="test7" time="0.002"/>
  <testcase classname="testNGExample.GroupingDemo" name="test8" time="0.003"/>
  <testcase classname="testNGExample.GroupingDemo" name="test9" time="0.004"/>
  <testcase classname="testNGExample.GroupingDemo2" name="test01" time="0.003"/>
  <testcase classname="testNGExample.GroupingDemo2" name="test02" time="0.009"/>
  <testcase classname="testNGExample.GroupingDemo2" name="test03" time="0.013"/>
</testsuite> <!-- Test -->
